# JRE version: OpenJDK Runtime Environment (21.0.4) (build 21.0.4+-12508038-b607.1)
# Java VM: OpenJDK 64-Bit Server VM (21.0.4+-12508038-b607.1, mixed mode, tiered, compressed oops, compressed class ptrs, g1 gc, windows-amd64)
GC Precious Log:
 CardTable entry size: 512
 Card Set container configuration: InlinePtr #cards 5 size 8 Array Of Cards #cards 12 size 40 Howl #buckets 4 coarsen threshold 1843 Howl Bitmap #cards 512 size 80 coarsen threshold 460 Card regions per heap region 1 cards per card region 2048
 CPUs: 8 total, 8 available
 Memory: 16262M
 Large Page Support: Disabled
 NUMA Support: Disabled
 Compressed Oops: Enabled (32-bit)
 Heap Region Size: 1M
 Heap Min Capacity: 8M
 Heap Initial Capacity: 256M
 Heap Max Capacity: 2G
 Pre-touch: Disabled
 Parallel Workers: 8
 Concurrent Workers: 2
 Concurrent Refinement Workers: 8
 Periodic GC: Disabled
Heap:
 garbage-first heap   total 268288K, used 203776K [0x0000000080000000, 0x0000000100000000)
  region size 1024K, 4 young (4096K), 4 survivors (4096K)
 Metaspace       used 112414K, committed 114560K, reserved 1179648K
  class space    used 15587K, committed 16640K, reserved 1048576K
GC Heap History (20 events):
Event: 17.801 GC heap after
{Heap after GC invocations=44 (full 0):
 garbage-first heap   total 148480K, used 94597K [0x0000000080000000, 0x0000000100000000)
  region size 1024K, 5 young (5120K), 5 survivors (5120K)
 Metaspace       used 101773K, committed 103872K, reserved 1179648K
  class space    used 14007K, committed 15104K, reserved 1048576K
}
Event: 18.216 GC heap before
{Heap before GC invocations=45 (full 0):
 garbage-first heap   total 158720K, used 132485K [0x0000000080000000, 0x0000000100000000)
  region size 1024K, 43 young (44032K), 5 survivors (5120K)
 Metaspace       used 102061K, committed 104128K, reserved 1179648K
  class space    used 14043K, committed 15104K, reserved 1048576K
}
Event: 18.221 GC heap after
{Heap after GC invocations=46 (full 0):
 garbage-first heap   total 158720K, used 96700K [0x0000000080000000, 0x0000000100000000)
  region size 1024K, 5 young (5120K), 5 survivors (5120K)
 Metaspace       used 102061K, committed 104128K, reserved 1179648K
  class space    used 14043K, committed 15104K, reserved 1048576K
}
Event: 18.579 GC heap before
{Heap before GC invocations=46 (full 0):
 garbage-first heap   total 158720K, used 151996K [0x0000000080000000, 0x0000000100000000)
  region size 1024K, 51 young (52224K), 5 survivors (5120K)
 Metaspace       used 103678K, committed 105792K, reserved 1179648K
  class space    used 14182K, committed 15232K, reserved 1048576K
}
Event: 18.589 GC heap after
{Heap after GC invocations=47 (full 0):
 garbage-first heap   total 162816K, used 100911K [0x0000000080000000, 0x0000000100000000)
  region size 1024K, 5 young (5120K), 5 survivors (5120K)
 Metaspace       used 103678K, committed 105792K, reserved 1179648K
  class space    used 14182K, committed 15232K, reserved 1048576K
}
Event: 18.610 GC heap before
{Heap before GC invocations=47 (full 0):
 garbage-first heap   total 162816K, used 101935K [0x0000000080000000, 0x0000000100000000)
  region size 1024K, 8 young (8192K), 5 survivors (5120K)
 Metaspace       used 103805K, committed 105920K, reserved 1179648K
  class space    used 14196K, committed 15232K, reserved 1048576K
}
Event: 18.615 GC heap after
{Heap after GC invocations=48 (full 0):
 garbage-first heap   total 195584K, used 103533K [0x0000000080000000, 0x0000000100000000)
  region size 1024K, 3 young (3072K), 3 survivors (3072K)
 Metaspace       used 103805K, committed 105920K, reserved 1179648K
  class space    used 14196K, committed 15232K, reserved 1048576K
}
Event: 19.313 GC heap before
{Heap before GC invocations=49 (full 0):
 garbage-first heap   total 195584K, used 187501K [0x0000000080000000, 0x0000000100000000)
  region size 1024K, 48 young (49152K), 3 survivors (3072K)
 Metaspace       used 107618K, committed 109696K, reserved 1179648K
  class space    used 14760K, committed 15808K, reserved 1048576K
}
Event: 19.319 GC heap after
{Heap after GC invocations=50 (full 0):
 garbage-first heap   total 199680K, used 131825K [0x0000000080000000, 0x0000000100000000)
  region size 1024K, 6 young (6144K), 6 survivors (6144K)
 Metaspace       used 107618K, committed 109696K, reserved 1179648K
  class space    used 14760K, committed 15808K, reserved 1048576K
}
Event: 19.574 GC heap before
{Heap before GC invocations=50 (full 0):
 garbage-first heap   total 199680K, used 166641K [0x0000000080000000, 0x0000000100000000)
  region size 1024K, 41 young (41984K), 6 survivors (6144K)
 Metaspace       used 108798K, committed 110912K, reserved 1179648K
  class space    used 15075K, committed 16128K, reserved 1048576K
}
Event: 19.587 GC heap after
{Heap after GC invocations=51 (full 0):
 garbage-first heap   total 199680K, used 141108K [0x0000000080000000, 0x0000000100000000)
  region size 1024K, 6 young (6144K), 6 survivors (6144K)
 Metaspace       used 108798K, committed 110912K, reserved 1179648K
  class space    used 15075K, committed 16128K, reserved 1048576K
}
Event: 19.606 GC heap before
{Heap before GC invocations=51 (full 0):
 garbage-first heap   total 199680K, used 145204K [0x0000000080000000, 0x0000000100000000)
  region size 1024K, 11 young (11264K), 6 survivors (6144K)
 Metaspace       used 108944K, committed 111040K, reserved 1179648K
  class space    used 15113K, committed 16192K, reserved 1048576K
}
Event: 19.614 GC heap after
{Heap after GC invocations=52 (full 0):
 garbage-first heap   total 199680K, used 143300K [0x0000000080000000, 0x0000000100000000)
  region size 1024K, 2 young (2048K), 2 survivors (2048K)
 Metaspace       used 108944K, committed 111040K, reserved 1179648K
  class space    used 15113K, committed 16192K, reserved 1048576K
}
Event: 19.849 GC heap before
{Heap before GC invocations=53 (full 0):
 garbage-first heap   total 244736K, used 174020K [0x0000000080000000, 0x0000000100000000)
  region size 1024K, 31 young (31744K), 2 survivors (2048K)
 Metaspace       used 110422K, committed 112512K, reserved 1179648K
  class space    used 15321K, committed 16384K, reserved 1048576K
}
Event: 19.860 GC heap after
{Heap after GC invocations=54 (full 0):
 garbage-first heap   total 244736K, used 155074K [0x0000000080000000, 0x0000000100000000)
  region size 1024K, 4 young (4096K), 4 survivors (4096K)
 Metaspace       used 110422K, committed 112512K, reserved 1179648K
  class space    used 15321K, committed 16384K, reserved 1048576K
}
Event: 20.067 GC heap before
{Heap before GC invocations=54 (full 0):
 garbage-first heap   total 244736K, used 202178K [0x0000000080000000, 0x0000000100000000)
  region size 1024K, 51 young (52224K), 4 survivors (4096K)
 Metaspace       used 111305K, committed 113472K, reserved 1179648K
  class space    used 15454K, committed 16512K, reserved 1048576K
}
Event: 20.093 GC heap after
{Heap after GC invocations=55 (full 0):
 garbage-first heap   total 244736K, used 175412K [0x0000000080000000, 0x0000000100000000)
  region size 1024K, 7 young (7168K), 7 survivors (7168K)
 Metaspace       used 111305K, committed 113472K, reserved 1179648K
  class space    used 15454K, committed 16512K, reserved 1048576K
}
Event: 20.241 GC heap before
{Heap before GC invocations=55 (full 0):
 garbage-first heap   total 244736K, used 209204K [0x0000000080000000, 0x0000000100000000)
  region size 1024K, 41 young (41984K), 7 survivors (7168K)
 Metaspace       used 111981K, committed 114112K, reserved 1179648K
  class space    used 15527K, committed 16576K, reserved 1048576K
}
Event: 20.259 GC heap after
{Heap after GC invocations=56 (full 0):
 garbage-first heap   total 244736K, used 191921K [0x0000000080000000, 0x0000000100000000)
  region size 1024K, 6 young (6144K), 6 survivors (6144K)
 Metaspace       used 111981K, committed 114112K, reserved 1179648K
  class space    used 15527K, committed 16576K, reserved 1048576K
}
Event: 20.401 GC heap before
{Heap before GC invocations=56 (full 0):
 garbage-first heap   total 244736K, used 216497K [0x0000000080000000, 0x0000000100000000)
  region size 1024K, 31 young (31744K), 6 survivors (6144K)
 Metaspace       used 112414K, committed 114560K, reserved 1179648K
  class space    used 15587K, committed 16640K, reserved 1048576K
}

